d:\driversamples\w3wprotect\w3wprotect\debug\vc142.pdb
d:\driversamples\w3wprotect\w3wprotect\debug\protect.obj
d:\driversamples\w3wprotect\w3wprotect\debug\filter.res
d:\driversamples\w3wprotect\w3wprotect\debug\w3wprotect.inf
d:\driversamples\w3wprotect\debug\w3wprotect.inf
d:\driversamples\w3wprotect\debug\w3wprotect.pdb
d:\driversamples\w3wprotect\w3wprotect\debug\w3wprotect.tlog\cl.command.1.tlog
d:\driversamples\w3wprotect\w3wprotect\debug\w3wprotect.tlog\cl.read.1.tlog
d:\driversamples\w3wprotect\w3wprotect\debug\w3wprotect.tlog\cl.write.1.tlog
d:\driversamples\w3wprotect\w3wprotect\debug\w3wprotect.tlog\link-cvtres.read.1.tlog
d:\driversamples\w3wprotect\w3wprotect\debug\w3wprotect.tlog\link-cvtres.write.1.tlog
d:\driversamples\w3wprotect\w3wprotect\debug\w3wprotect.tlog\link.command.1.tlog
d:\driversamples\w3wprotect\w3wprotect\debug\w3wprotect.tlog\link.read.1.tlog
d:\driversamples\w3wprotect\w3wprotect\debug\w3wprotect.tlog\link.write.1.tlog
d:\driversamples\w3wprotect\w3wprotect\debug\w3wprotect.tlog\rc.command.1.tlog
d:\driversamples\w3wprotect\w3wprotect\debug\w3wprotect.tlog\rc.read.1.tlog
d:\driversamples\w3wprotect\w3wprotect\debug\w3wprotect.tlog\rc.write.1.tlog
d:\driversamples\w3wprotect\w3wprotect\debug\w3wprotect.tlog\stampinf.command.1.tlog
d:\driversamples\w3wprotect\w3wprotect\debug\w3wprotect.tlog\stampinf.read.1.tlog
d:\driversamples\w3wprotect\w3wprotect\debug\w3wprotect.tlog\stampinf.write.1.tlog
