d:\driversamples\w3wprotect\w3wprotect\x64\debug\vc142.pdb
d:\driversamples\w3wprotect\w3wprotect\x64\debug\registry.obj
d:\driversamples\w3wprotect\w3wprotect\x64\debug\protect.obj
d:\driversamples\w3wprotect\x64\debug\w3wprotect.sys
d:\driversamples\w3wprotect\x64\debug\w3wprotect.pdb
d:\driversamples\w3wprotect\w3wprotect\x64\debug\ptetwtemp.bin
d:\driversamples\w3wprotect\w3wprotect\x64\debug\ptetw.rc
d:\driversamples\w3wprotect\w3wprotect\x64\debug\ptetw.h
d:\driversamples\w3wprotect\w3wprotect\x64\debug\ptetw_msg00001.bin
d:\driversamples\w3wprotect\w3wprotect\x64\debug\filter.res
d:\driversamples\w3wprotect\w3wprotect\x64\debug\ptetw.res
d:\driversamples\w3wprotect\x64\debug\w3wprotect\w3wprotect.cat
d:\driversamples\w3wprotect\w3wprotect\x64\debug\w3wprotect.inf
d:\driversamples\w3wprotect\x64\debug\w3wprotect.cer
d:\driversamples\w3wprotect\x64\debug\w3wprotect.inf
d:\driversamples\w3wprotect\w3wprotect\x64\debug\utility.obj
d:\driversamples\w3wprotect\w3wprotect\x64\debug\w3wprotect.tlog\cl.command.1.tlog
d:\driversamples\w3wprotect\w3wprotect\x64\debug\w3wprotect.tlog\cl.read.1.tlog
d:\driversamples\w3wprotect\w3wprotect\x64\debug\w3wprotect.tlog\cl.write.1.tlog
d:\driversamples\w3wprotect\w3wprotect\x64\debug\w3wprotect.tlog\inf2cat-expand.11384.read.1.tlog
d:\driversamples\w3wprotect\w3wprotect\x64\debug\w3wprotect.tlog\inf2cat-expand.11384.write.1.tlog
d:\driversamples\w3wprotect\w3wprotect\x64\debug\w3wprotect.tlog\inf2cat-expand.11620.read.1.tlog
d:\driversamples\w3wprotect\w3wprotect\x64\debug\w3wprotect.tlog\inf2cat-expand.11620.write.1.tlog
d:\driversamples\w3wprotect\w3wprotect\x64\debug\w3wprotect.tlog\inf2cat-expand.12036.read.1.tlog
d:\driversamples\w3wprotect\w3wprotect\x64\debug\w3wprotect.tlog\inf2cat-expand.12036.write.1.tlog
d:\driversamples\w3wprotect\w3wprotect\x64\debug\w3wprotect.tlog\inf2cat-expand.12684.read.1.tlog
d:\driversamples\w3wprotect\w3wprotect\x64\debug\w3wprotect.tlog\inf2cat-expand.12684.write.1.tlog
d:\driversamples\w3wprotect\w3wprotect\x64\debug\w3wprotect.tlog\inf2cat-expand.13432.read.1.tlog
d:\driversamples\w3wprotect\w3wprotect\x64\debug\w3wprotect.tlog\inf2cat-expand.13432.write.1.tlog
d:\driversamples\w3wprotect\w3wprotect\x64\debug\w3wprotect.tlog\inf2cat-expand.14076.read.1.tlog
d:\driversamples\w3wprotect\w3wprotect\x64\debug\w3wprotect.tlog\inf2cat-expand.14076.write.1.tlog
d:\driversamples\w3wprotect\w3wprotect\x64\debug\w3wprotect.tlog\inf2cat-expand.14124.read.1.tlog
d:\driversamples\w3wprotect\w3wprotect\x64\debug\w3wprotect.tlog\inf2cat-expand.14124.write.1.tlog
d:\driversamples\w3wprotect\w3wprotect\x64\debug\w3wprotect.tlog\inf2cat-expand.14264.read.1.tlog
d:\driversamples\w3wprotect\w3wprotect\x64\debug\w3wprotect.tlog\inf2cat-expand.14264.write.1.tlog
d:\driversamples\w3wprotect\w3wprotect\x64\debug\w3wprotect.tlog\inf2cat-expand.14652.read.1.tlog
d:\driversamples\w3wprotect\w3wprotect\x64\debug\w3wprotect.tlog\inf2cat-expand.14652.write.1.tlog
d:\driversamples\w3wprotect\w3wprotect\x64\debug\w3wprotect.tlog\inf2cat-expand.14764.read.1.tlog
d:\driversamples\w3wprotect\w3wprotect\x64\debug\w3wprotect.tlog\inf2cat-expand.14764.write.1.tlog
d:\driversamples\w3wprotect\w3wprotect\x64\debug\w3wprotect.tlog\inf2cat-expand.15688.read.1.tlog
d:\driversamples\w3wprotect\w3wprotect\x64\debug\w3wprotect.tlog\inf2cat-expand.15688.write.1.tlog
d:\driversamples\w3wprotect\w3wprotect\x64\debug\w3wprotect.tlog\inf2cat-expand.15964.read.1.tlog
d:\driversamples\w3wprotect\w3wprotect\x64\debug\w3wprotect.tlog\inf2cat-expand.15964.write.1.tlog
d:\driversamples\w3wprotect\w3wprotect\x64\debug\w3wprotect.tlog\inf2cat-expand.16180.read.1.tlog
d:\driversamples\w3wprotect\w3wprotect\x64\debug\w3wprotect.tlog\inf2cat-expand.16180.write.1.tlog
d:\driversamples\w3wprotect\w3wprotect\x64\debug\w3wprotect.tlog\inf2cat-expand.16212.read.1.tlog
d:\driversamples\w3wprotect\w3wprotect\x64\debug\w3wprotect.tlog\inf2cat-expand.16212.write.1.tlog
d:\driversamples\w3wprotect\w3wprotect\x64\debug\w3wprotect.tlog\inf2cat-expand.16828.read.1.tlog
d:\driversamples\w3wprotect\w3wprotect\x64\debug\w3wprotect.tlog\inf2cat-expand.16828.write.1.tlog
d:\driversamples\w3wprotect\w3wprotect\x64\debug\w3wprotect.tlog\inf2cat-expand.16892.read.1.tlog
d:\driversamples\w3wprotect\w3wprotect\x64\debug\w3wprotect.tlog\inf2cat-expand.16892.write.1.tlog
d:\driversamples\w3wprotect\w3wprotect\x64\debug\w3wprotect.tlog\inf2cat-expand.17412.read.1.tlog
d:\driversamples\w3wprotect\w3wprotect\x64\debug\w3wprotect.tlog\inf2cat-expand.17412.write.1.tlog
d:\driversamples\w3wprotect\w3wprotect\x64\debug\w3wprotect.tlog\inf2cat-expand.17816.read.1.tlog
d:\driversamples\w3wprotect\w3wprotect\x64\debug\w3wprotect.tlog\inf2cat-expand.17816.write.1.tlog
d:\driversamples\w3wprotect\w3wprotect\x64\debug\w3wprotect.tlog\inf2cat-expand.17864.read.1.tlog
d:\driversamples\w3wprotect\w3wprotect\x64\debug\w3wprotect.tlog\inf2cat-expand.17864.write.1.tlog
d:\driversamples\w3wprotect\w3wprotect\x64\debug\w3wprotect.tlog\inf2cat-expand.18268.read.1.tlog
d:\driversamples\w3wprotect\w3wprotect\x64\debug\w3wprotect.tlog\inf2cat-expand.18268.write.1.tlog
d:\driversamples\w3wprotect\w3wprotect\x64\debug\w3wprotect.tlog\inf2cat-expand.18984.read.1.tlog
d:\driversamples\w3wprotect\w3wprotect\x64\debug\w3wprotect.tlog\inf2cat-expand.18984.write.1.tlog
d:\driversamples\w3wprotect\w3wprotect\x64\debug\w3wprotect.tlog\inf2cat-expand.19232.read.1.tlog
d:\driversamples\w3wprotect\w3wprotect\x64\debug\w3wprotect.tlog\inf2cat-expand.19232.write.1.tlog
d:\driversamples\w3wprotect\w3wprotect\x64\debug\w3wprotect.tlog\inf2cat-expand.19332.read.1.tlog
d:\driversamples\w3wprotect\w3wprotect\x64\debug\w3wprotect.tlog\inf2cat-expand.19332.write.1.tlog
d:\driversamples\w3wprotect\w3wprotect\x64\debug\w3wprotect.tlog\inf2cat-expand.19524.read.1.tlog
d:\driversamples\w3wprotect\w3wprotect\x64\debug\w3wprotect.tlog\inf2cat-expand.19524.write.1.tlog
d:\driversamples\w3wprotect\w3wprotect\x64\debug\w3wprotect.tlog\inf2cat-expand.19656.read.1.tlog
d:\driversamples\w3wprotect\w3wprotect\x64\debug\w3wprotect.tlog\inf2cat-expand.19656.write.1.tlog
d:\driversamples\w3wprotect\w3wprotect\x64\debug\w3wprotect.tlog\inf2cat-expand.19860.read.1.tlog
d:\driversamples\w3wprotect\w3wprotect\x64\debug\w3wprotect.tlog\inf2cat-expand.19860.write.1.tlog
d:\driversamples\w3wprotect\w3wprotect\x64\debug\w3wprotect.tlog\inf2cat-expand.20168.read.1.tlog
d:\driversamples\w3wprotect\w3wprotect\x64\debug\w3wprotect.tlog\inf2cat-expand.20168.write.1.tlog
d:\driversamples\w3wprotect\w3wprotect\x64\debug\w3wprotect.tlog\inf2cat-expand.20192.read.1.tlog
d:\driversamples\w3wprotect\w3wprotect\x64\debug\w3wprotect.tlog\inf2cat-expand.20192.write.1.tlog
d:\driversamples\w3wprotect\w3wprotect\x64\debug\w3wprotect.tlog\inf2cat-expand.20216.read.1.tlog
d:\driversamples\w3wprotect\w3wprotect\x64\debug\w3wprotect.tlog\inf2cat-expand.20216.write.1.tlog
d:\driversamples\w3wprotect\w3wprotect\x64\debug\w3wprotect.tlog\inf2cat-expand.20524.read.1.tlog
d:\driversamples\w3wprotect\w3wprotect\x64\debug\w3wprotect.tlog\inf2cat-expand.20524.write.1.tlog
d:\driversamples\w3wprotect\w3wprotect\x64\debug\w3wprotect.tlog\inf2cat-expand.20648.read.1.tlog
d:\driversamples\w3wprotect\w3wprotect\x64\debug\w3wprotect.tlog\inf2cat-expand.20648.write.1.tlog
d:\driversamples\w3wprotect\w3wprotect\x64\debug\w3wprotect.tlog\inf2cat-expand.20776.read.1.tlog
d:\driversamples\w3wprotect\w3wprotect\x64\debug\w3wprotect.tlog\inf2cat-expand.20776.write.1.tlog
d:\driversamples\w3wprotect\w3wprotect\x64\debug\w3wprotect.tlog\inf2cat-expand.20968.read.1.tlog
d:\driversamples\w3wprotect\w3wprotect\x64\debug\w3wprotect.tlog\inf2cat-expand.20968.write.1.tlog
d:\driversamples\w3wprotect\w3wprotect\x64\debug\w3wprotect.tlog\inf2cat-expand.21412.read.1.tlog
d:\driversamples\w3wprotect\w3wprotect\x64\debug\w3wprotect.tlog\inf2cat-expand.21412.write.1.tlog
d:\driversamples\w3wprotect\w3wprotect\x64\debug\w3wprotect.tlog\inf2cat-expand.21464.read.1.tlog
d:\driversamples\w3wprotect\w3wprotect\x64\debug\w3wprotect.tlog\inf2cat-expand.21464.write.1.tlog
d:\driversamples\w3wprotect\w3wprotect\x64\debug\w3wprotect.tlog\inf2cat-expand.21912.read.1.tlog
d:\driversamples\w3wprotect\w3wprotect\x64\debug\w3wprotect.tlog\inf2cat-expand.21912.write.1.tlog
d:\driversamples\w3wprotect\w3wprotect\x64\debug\w3wprotect.tlog\inf2cat-expand.22636.read.1.tlog
d:\driversamples\w3wprotect\w3wprotect\x64\debug\w3wprotect.tlog\inf2cat-expand.22636.write.1.tlog
d:\driversamples\w3wprotect\w3wprotect\x64\debug\w3wprotect.tlog\inf2cat-expand.22760.read.1.tlog
d:\driversamples\w3wprotect\w3wprotect\x64\debug\w3wprotect.tlog\inf2cat-expand.22760.write.1.tlog
d:\driversamples\w3wprotect\w3wprotect\x64\debug\w3wprotect.tlog\inf2cat-expand.22796.read.1.tlog
d:\driversamples\w3wprotect\w3wprotect\x64\debug\w3wprotect.tlog\inf2cat-expand.22796.write.1.tlog
d:\driversamples\w3wprotect\w3wprotect\x64\debug\w3wprotect.tlog\inf2cat-expand.22888.read.1.tlog
d:\driversamples\w3wprotect\w3wprotect\x64\debug\w3wprotect.tlog\inf2cat-expand.22888.write.1.tlog
d:\driversamples\w3wprotect\w3wprotect\x64\debug\w3wprotect.tlog\inf2cat-expand.22956.read.1.tlog
d:\driversamples\w3wprotect\w3wprotect\x64\debug\w3wprotect.tlog\inf2cat-expand.22956.write.1.tlog
d:\driversamples\w3wprotect\w3wprotect\x64\debug\w3wprotect.tlog\inf2cat-expand.23116.read.1.tlog
d:\driversamples\w3wprotect\w3wprotect\x64\debug\w3wprotect.tlog\inf2cat-expand.23116.write.1.tlog
d:\driversamples\w3wprotect\w3wprotect\x64\debug\w3wprotect.tlog\inf2cat-expand.23132.read.1.tlog
d:\driversamples\w3wprotect\w3wprotect\x64\debug\w3wprotect.tlog\inf2cat-expand.23132.write.1.tlog
d:\driversamples\w3wprotect\w3wprotect\x64\debug\w3wprotect.tlog\inf2cat-expand.23232.read.1.tlog
d:\driversamples\w3wprotect\w3wprotect\x64\debug\w3wprotect.tlog\inf2cat-expand.23232.write.1.tlog
d:\driversamples\w3wprotect\w3wprotect\x64\debug\w3wprotect.tlog\inf2cat-expand.24084.read.1.tlog
d:\driversamples\w3wprotect\w3wprotect\x64\debug\w3wprotect.tlog\inf2cat-expand.24084.write.1.tlog
d:\driversamples\w3wprotect\w3wprotect\x64\debug\w3wprotect.tlog\inf2cat-expand.24180.read.1.tlog
d:\driversamples\w3wprotect\w3wprotect\x64\debug\w3wprotect.tlog\inf2cat-expand.24180.write.1.tlog
d:\driversamples\w3wprotect\w3wprotect\x64\debug\w3wprotect.tlog\inf2cat-expand.24872.read.1.tlog
d:\driversamples\w3wprotect\w3wprotect\x64\debug\w3wprotect.tlog\inf2cat-expand.24872.write.1.tlog
d:\driversamples\w3wprotect\w3wprotect\x64\debug\w3wprotect.tlog\inf2cat-expand.25012.read.1.tlog
d:\driversamples\w3wprotect\w3wprotect\x64\debug\w3wprotect.tlog\inf2cat-expand.25012.write.1.tlog
d:\driversamples\w3wprotect\w3wprotect\x64\debug\w3wprotect.tlog\inf2cat-expand.25164.read.1.tlog
d:\driversamples\w3wprotect\w3wprotect\x64\debug\w3wprotect.tlog\inf2cat-expand.25164.write.1.tlog
d:\driversamples\w3wprotect\w3wprotect\x64\debug\w3wprotect.tlog\inf2cat-expand.25392.read.1.tlog
d:\driversamples\w3wprotect\w3wprotect\x64\debug\w3wprotect.tlog\inf2cat-expand.25392.write.1.tlog
d:\driversamples\w3wprotect\w3wprotect\x64\debug\w3wprotect.tlog\inf2cat-expand.25664.read.1.tlog
d:\driversamples\w3wprotect\w3wprotect\x64\debug\w3wprotect.tlog\inf2cat-expand.25664.write.1.tlog
d:\driversamples\w3wprotect\w3wprotect\x64\debug\w3wprotect.tlog\inf2cat-expand.25688.read.1.tlog
d:\driversamples\w3wprotect\w3wprotect\x64\debug\w3wprotect.tlog\inf2cat-expand.25688.write.1.tlog
d:\driversamples\w3wprotect\w3wprotect\x64\debug\w3wprotect.tlog\inf2cat-expand.2744.read.1.tlog
d:\driversamples\w3wprotect\w3wprotect\x64\debug\w3wprotect.tlog\inf2cat-expand.2744.write.1.tlog
d:\driversamples\w3wprotect\w3wprotect\x64\debug\w3wprotect.tlog\inf2cat-expand.3188.read.1.tlog
d:\driversamples\w3wprotect\w3wprotect\x64\debug\w3wprotect.tlog\inf2cat-expand.3188.write.1.tlog
d:\driversamples\w3wprotect\w3wprotect\x64\debug\w3wprotect.tlog\inf2cat-expand.3536.read.1.tlog
d:\driversamples\w3wprotect\w3wprotect\x64\debug\w3wprotect.tlog\inf2cat-expand.3536.write.1.tlog
d:\driversamples\w3wprotect\w3wprotect\x64\debug\w3wprotect.tlog\inf2cat-expand.3772.read.1.tlog
d:\driversamples\w3wprotect\w3wprotect\x64\debug\w3wprotect.tlog\inf2cat-expand.3772.write.1.tlog
d:\driversamples\w3wprotect\w3wprotect\x64\debug\w3wprotect.tlog\inf2cat-expand.4012.read.1.tlog
d:\driversamples\w3wprotect\w3wprotect\x64\debug\w3wprotect.tlog\inf2cat-expand.4012.write.1.tlog
d:\driversamples\w3wprotect\w3wprotect\x64\debug\w3wprotect.tlog\inf2cat-expand.4760.read.1.tlog
d:\driversamples\w3wprotect\w3wprotect\x64\debug\w3wprotect.tlog\inf2cat-expand.4760.write.1.tlog
d:\driversamples\w3wprotect\w3wprotect\x64\debug\w3wprotect.tlog\inf2cat-expand.4992.read.1.tlog
d:\driversamples\w3wprotect\w3wprotect\x64\debug\w3wprotect.tlog\inf2cat-expand.4992.write.1.tlog
d:\driversamples\w3wprotect\w3wprotect\x64\debug\w3wprotect.tlog\inf2cat-expand.5320.read.1.tlog
d:\driversamples\w3wprotect\w3wprotect\x64\debug\w3wprotect.tlog\inf2cat-expand.5320.write.1.tlog
d:\driversamples\w3wprotect\w3wprotect\x64\debug\w3wprotect.tlog\inf2cat-expand.5544.read.1.tlog
d:\driversamples\w3wprotect\w3wprotect\x64\debug\w3wprotect.tlog\inf2cat-expand.5544.write.1.tlog
d:\driversamples\w3wprotect\w3wprotect\x64\debug\w3wprotect.tlog\inf2cat-expand.5732.read.1.tlog
d:\driversamples\w3wprotect\w3wprotect\x64\debug\w3wprotect.tlog\inf2cat-expand.5732.write.1.tlog
d:\driversamples\w3wprotect\w3wprotect\x64\debug\w3wprotect.tlog\inf2cat-expand.5736.read.1.tlog
d:\driversamples\w3wprotect\w3wprotect\x64\debug\w3wprotect.tlog\inf2cat-expand.5736.write.1.tlog
d:\driversamples\w3wprotect\w3wprotect\x64\debug\w3wprotect.tlog\inf2cat-expand.5992.read.1.tlog
d:\driversamples\w3wprotect\w3wprotect\x64\debug\w3wprotect.tlog\inf2cat-expand.5992.write.1.tlog
d:\driversamples\w3wprotect\w3wprotect\x64\debug\w3wprotect.tlog\inf2cat-expand.7672.read.1.tlog
d:\driversamples\w3wprotect\w3wprotect\x64\debug\w3wprotect.tlog\inf2cat-expand.7672.write.1.tlog
d:\driversamples\w3wprotect\w3wprotect\x64\debug\w3wprotect.tlog\inf2cat-expand.7912.read.1.tlog
d:\driversamples\w3wprotect\w3wprotect\x64\debug\w3wprotect.tlog\inf2cat-expand.7912.write.1.tlog
d:\driversamples\w3wprotect\w3wprotect\x64\debug\w3wprotect.tlog\inf2cat-expand.9688.read.1.tlog
d:\driversamples\w3wprotect\w3wprotect\x64\debug\w3wprotect.tlog\inf2cat-expand.9688.write.1.tlog
d:\driversamples\w3wprotect\w3wprotect\x64\debug\w3wprotect.tlog\inf2cat-expand.9872.read.1.tlog
d:\driversamples\w3wprotect\w3wprotect\x64\debug\w3wprotect.tlog\inf2cat-expand.9872.write.1.tlog
d:\driversamples\w3wprotect\w3wprotect\x64\debug\w3wprotect.tlog\inf2cat-expand.read.1.tlog
d:\driversamples\w3wprotect\w3wprotect\x64\debug\w3wprotect.tlog\inf2cat-expand.write.1.tlog
d:\driversamples\w3wprotect\w3wprotect\x64\debug\w3wprotect.tlog\inf2cat.command.1.tlog
d:\driversamples\w3wprotect\w3wprotect\x64\debug\w3wprotect.tlog\inf2cat.read.8.tlog
d:\driversamples\w3wprotect\w3wprotect\x64\debug\w3wprotect.tlog\inf2cat.write.8.tlog
d:\driversamples\w3wprotect\w3wprotect\x64\debug\w3wprotect.tlog\link.command.1.tlog
d:\driversamples\w3wprotect\w3wprotect\x64\debug\w3wprotect.tlog\link.read.1.tlog
d:\driversamples\w3wprotect\w3wprotect\x64\debug\w3wprotect.tlog\link.write.1.tlog
d:\driversamples\w3wprotect\w3wprotect\x64\debug\w3wprotect.tlog\mc.command.1.tlog
d:\driversamples\w3wprotect\w3wprotect\x64\debug\w3wprotect.tlog\mc.read.1.tlog
d:\driversamples\w3wprotect\w3wprotect\x64\debug\w3wprotect.tlog\mc.write.1.tlog
d:\driversamples\w3wprotect\w3wprotect\x64\debug\w3wprotect.tlog\rc.command.1.tlog
d:\driversamples\w3wprotect\w3wprotect\x64\debug\w3wprotect.tlog\rc.read.1.tlog
d:\driversamples\w3wprotect\w3wprotect\x64\debug\w3wprotect.tlog\rc.write.1.tlog
d:\driversamples\w3wprotect\w3wprotect\x64\debug\w3wprotect.tlog\signtool.command.1.tlog
d:\driversamples\w3wprotect\w3wprotect\x64\debug\w3wprotect.tlog\signtool.read.1.tlog
d:\driversamples\w3wprotect\w3wprotect\x64\debug\w3wprotect.tlog\signtool.timestamp.1.tlog
d:\driversamples\w3wprotect\w3wprotect\x64\debug\w3wprotect.tlog\signtool.write.1.tlog
d:\driversamples\w3wprotect\w3wprotect\x64\debug\w3wprotect.tlog\stampinf.command.1.tlog
d:\driversamples\w3wprotect\w3wprotect\x64\debug\w3wprotect.tlog\stampinf.read.1.tlog
d:\driversamples\w3wprotect\w3wprotect\x64\debug\w3wprotect.tlog\stampinf.write.1.tlog
